#
# A fatal error has been detected by the Java Runtime Environment:
#
#  EXCEPTION_ACCESS_VIOLATION (0xc0000005) at pc=0x00007ffba21debb0, pid=2648, tid=10552
#
# JRE version: OpenJDK Runtime Environment Temurin-21.0.8+9 (21.0.8+9) (build 21.0.8+9-LTS)
# Java VM: OpenJDK 64-Bit Server VM Temurin-21.0.8+9 (21.0.8+9-LTS, mixed mode, sharing, tiered, compressed oops, compressed class ptrs, parallel gc, windows-amd64)
# Problematic frame:
# V  [jvm.dll+0xa9ebb0]
#
# No core dump will be written. Minidumps are not enabled by default on client versions of Windows
#
# If you would like to submit a bug report, please visit:
#   https://github.com/adoptium/adoptium-support/issues
#

---------------  S U M M A R Y ------------

Command Line: --add-modules=ALL-SYSTEM --add-opens=java.base/java.util=ALL-UNNAMED --add-opens=java.base/java.lang=ALL-UNNAMED --add-opens=java.base/sun.nio.fs=ALL-UNNAMED -Declipse.application=org.eclipse.jdt.ls.core.id1 -Dosgi.bundles.defaultStartLevel=4 -Declipse.product=org.eclipse.jdt.ls.core.product -Djava.import.generatesMetadataFilesAtProjectRoot=false -DDetectVMInstallationsJob.disabled=true -Dfile.encoding=utf8 -XX:+UseParallelGC -XX:GCTimeRatio=4 -XX:AdaptiveSizePolicyWeight=90 -Dsun.zip.disableMemoryMapping=true -Xmx2G -Xms100m -Xlog:disable -javaagent:c:\Users\Pichau\.vscode\extensions\redhat.java-1.44.0-win32-x64\lombok\lombok-1.18.39-4050.jar -XX:+HeapDumpOnOutOfMemoryError -XX:HeapDumpPath=c:\Users\Pichau\AppData\Roaming\Code\User\workspaceStorage\5ff336d83cf102a36d628a80cf2d84ef\redhat.java -Daether.dependencyCollector.impl=bf c:\Users\Pichau\.vscode\extensions\redhat.java-1.44.0-win32-x64\server\plugins\org.eclipse.equinox.launcher_1.7.0.v20250519-0528.jar -configuration c:\Users\Pichau\AppData\Roaming\Code\User\globalStorage\redhat.java\1.44.0\config_win -data c:\Users\Pichau\AppData\Roaming\Code\User\workspaceStorage\5ff336d83cf102a36d628a80cf2d84ef\redhat.java\jdt_ws --pipe=\\.\pipe\lsp-979502d9aa3fb0f2cf4e14234b8580b9-sock

Host: Intel(R) Core(TM) i5-9400F CPU @ 2.90GHz, 6 cores, 7G,  Windows 10 , 64 bit Build 19041 (10.0.19041.5915)
Time: Sun Aug 24 09:39:34 2025 Hora oficial do Brasil elapsed time: 26.480170 seconds (0d 0h 0m 26s)

---------------  T H R E A D  ---------------

Current thread (0x00000151fecd54c0):  WorkerThread "GC Thread#1"    [id=10552, stack(0x0000004840500000,0x0000004840600000) (1024K)]

Stack: [0x0000004840500000,0x0000004840600000],  sp=0x00000048405ff468,  free space=1021k
Native frames: (J=compiled Java code, j=interpreted, Vv=VM code, C=native code)
V  [jvm.dll+0xa9ebb0]


siginfo: EXCEPTION_ACCESS_VIOLATION (0xc0000005), data execution prevention violation at address 0x00007ffba21debb0


Registers:
RAX=0x0000000000000151, RBX=0x00000000d5810000, RCX=0x00000048405ff490, RDX=0x00000000d5810000
RSP=0x00000048405ff468, RBP=0x00000048405ff540, RSI=0x00000000d5617508, RDI=0x0000000000000001
R8 =0x0000015180002788, R9 =0x00007ffba237f460, R10=0x0000015180000000, R11=0x00000151fd14e180
R12=0x0000000000000000, R13=0x0000000000020000, R14=0x00000151fd14e180, R15=0x0000000000004000
RIP=0x00007ffba21debb0, EFLAGS=0x0000000000010206

XMM[0]=0x0000001400002708 0x0000000000000001
XMM[1]=0x0000216500001e18 0x00001e14000015dc
XMM[2]=0x0000435a000042d0 0x0000419c00004183
XMM[3]=0x0000562c00005628 0x0000552a00005462
XMM[4]=0x000059e8000059db 0x000057fd000057d9
XMM[5]=0x0000363f00002f64 0x00002f6200002f3a
XMM[6]=0x0000000000000000 0x0000000000000000
XMM[7]=0x0000000000000000 0x0000000000000000
XMM[8]=0x0000000000000000 0x0000000000000000
XMM[9]=0x0000000000000000 0x0000000000000000
XMM[10]=0x0000000000000000 0x0000000000000000
XMM[11]=0x0000000000000000 0x0000000000000000
XMM[12]=0x0000000000000000 0x0000000000000000
XMM[13]=0x0000000000000000 0x0000000000000000
XMM[14]=0x0000000000000000 0x0000000000000000
XMM[15]=0x0000000000000000 0x0000000000000000
  MXCSR=0x00001fa0


Register to memory mapping:

RAX=0x0000000000000151 is an unknown value
RBX=0x00000000d5810000 points into unknown readable memory: 0x0000000000000009 | 09 00 00 00 00 00 00 00
RCX=0x00000048405ff490 points into unknown readable memory: 0x00007ffba21d1a28 | 28 1a 1d a2 fb 7f 00 00
RDX=0x00000000d5810000 points into unknown readable memory: 0x0000000000000009 | 09 00 00 00 00 00 00 00
RSP=0x00000048405ff468 points into unknown readable memory: 0x00007ffba1e507af | af 07 e5 a1 fb 7f 00 00
RBP=0x00000048405ff540 points into unknown readable memory: 0x0000000000000040 | 40 00 00 00 00 00 00 00
RSI=0x00000000d5617508 points into unknown readable memory: 0x00000000d5810003 | 03 00 81 d5 00 00 00 00
RDI=0x0000000000000001 is an unknown value
R8 =0x0000015180002788 is pointing into metadata
R9 =0x00007ffba237f460 jvm.dll
R10=0x0000015180000000 is pointing into metadata
R11=0x00000151fd14e180 points into unknown readable memory: 0x00007ffba21d2888 | 88 28 1d a2 fb 7f 00 00
R12=0x0 is null
R13=0x0000000000020000 is an unknown value
R14=0x00000151fd14e180 points into unknown readable memory: 0x00007ffba21d2888 | 88 28 1d a2 fb 7f 00 00
R15=0x0000000000004000 is an unknown value

Top of Stack: (sp=0x00000048405ff468)
0x00000048405ff468:   00007ffba1e507af 00000151fe5ba620
0x00000048405ff478:   0000000000000000 00000048405ff540
0x00000048405ff488:   00007ffba1e4f07a 00007ffba21d1a28
0x00000048405ff498:   00000151e43f07f0 00000151fd14e180
0x00000048405ff4a8:   00000000d5617508 0000000000000000
0x00000048405ff4b8:   00007ffba1e4f6cd 0000000098759bc0
0x00000048405ff4c8:   00000000d570a650 0000000000000000
0x00000048405ff4d8:   00007ffc40d14a86 000000483f9ff2a8
0x00000048405ff4e8:   0000000000001722 0000000000000000
0x00000048405ff4f8:   00007ffba1e52dda 000000009875bbd0
0x00000048405ff508:   0000000000000400 00000000d5808000
0x00000048405ff518:   0000000000001000 0000000096e78b00
0x00000048405ff528:   00000048fffffffd 000000000000000c
0x00000048405ff538:   0000000000000010 0000000000000040
0x00000048405ff548:   00000048405ff6b8 00000151fd14e180
0x00000048405ff558:   000000000001ff86 0000000098010000
0x00000048405ff568:   00007ffba1e4ffb9 0000000098005a34
0x00000048405ff578:   0000000098000000 0000000000000001
0x00000048405ff588:   0000000000000000 0000000098010000
0x00000048405ff598:   00000048405ff6b8 00000151fd14e180
0x00000048405ff5a8:   0000000000000006 0000000098012108
0x00000048405ff5b8:   0000000098000000 0000000098010000
0x00000048405ff5c8:   00007ffba1e45d1a 00000048405ff750
0x00000048405ff5d8:   0000000000000040 0000000097fa0000
0x00000048405ff5e8:   0000000097f55108 0000000098010000
0x00000048405ff5f8:   00000151fecd54c0 0000000098010000
0x00000048405ff608:   00000048405ff760 00000151e43d19e0
0x00000048405ff618:   0000000098000000 00000048405ff6b8
0x00000048405ff628:   00007ffba198063e 0000020000000009
0x00000048405ff638:   0000000000000000 0000000000000000
0x00000048405ff648:   0000000000000000 0000000000000000
0x00000048405ff658:   0000000000000000 0000000000000000 

Instructions: (pc=0x00007ffba21debb0)
0x00007ffba21deab0:   20 20 43 57 52 46 3a 20 56 4d 20 53 74 72 6f 6e
0x00007ffba21deac0:   67 20 52 6f 6f 74 73 00 20 20 43 57 52 46 3a 20
0x00007ffba21dead0:   56 4d 20 57 65 61 6b 20 52 6f 6f 74 73 00 00 00
0x00007ffba21deae0:   20 20 43 57 52 46 3a 20 43 4c 44 47 20 52 6f 6f
0x00007ffba21deaf0:   74 73 00 00 00 00 00 00 20 20 43 57 52 46 3a 20
0x00007ffba21deb00:   55 6e 6c 6f 61 64 20 43 6f 64 65 20 43 61 63 68
0x00007ffba21deb10:   65 73 00 00 00 00 00 00 20 20 43 57 52 46 3a 20
0x00007ffba21deb20:   55 6e 6c 69 6e 6b 20 43 4c 44 73 00 00 00 00 00
0x00007ffba21deb30:   20 20 43 57 52 46 3a 20 57 65 61 6b 20 52 65 66
0x00007ffba21deb40:   65 72 65 6e 63 65 73 00 20 20 43 57 52 46 3a 20
0x00007ffba21deb50:   50 61 72 61 6c 6c 65 6c 20 4d 61 72 6b 00 00 00
0x00007ffba21deb60:   43 6f 6e 63 75 72 72 65 6e 74 20 57 65 61 6b 20
0x00007ffba21deb70:   52 6f 6f 74 73 00 00 00 20 20 52 6f 6f 74 73 00
0x00007ffba21deb80:   20 20 20 20 43 57 52 3a 20 3c 74 6f 74 61 6c 3e
0x00007ffba21deb90:   00 00 00 00 00 00 00 00 20 20 20 20 43 57 52 3a
0x00007ffba21deba0:   20 54 68 72 65 61 64 20 52 6f 6f 74 73 00 00 00
0x00007ffba21debb0:   20 20 20 20 43 57 52 3a 20 43 6f 64 65 20 43 61
0x00007ffba21debc0:   63 68 65 20 52 6f 6f 74 73 00 00 00 00 00 00 00
0x00007ffba21debd0:   20 20 20 20 43 57 52 3a 20 56 4d 20 53 74 72 6f
0x00007ffba21debe0:   6e 67 20 52 6f 6f 74 73 00 00 00 00 00 00 00 00
0x00007ffba21debf0:   20 20 20 20 43 57 52 3a 20 56 4d 20 57 65 61 6b
0x00007ffba21dec00:   20 52 6f 6f 74 73 00 00 20 20 20 20 43 57 52 3a
0x00007ffba21dec10:   20 43 4c 44 47 20 52 6f 6f 74 73 00 00 00 00 00
0x00007ffba21dec20:   20 20 20 20 43 57 52 3a 20 55 6e 6c 6f 61 64 20
0x00007ffba21dec30:   43 6f 64 65 20 43 61 63 68 65 73 00 00 00 00 00
0x00007ffba21dec40:   20 20 20 20 43 57 52 3a 20 55 6e 6c 69 6e 6b 20
0x00007ffba21dec50:   43 4c 44 73 00 00 00 00 20 20 20 20 43 57 52 3a
0x00007ffba21dec60:   20 57 65 61 6b 20 52 65 66 65 72 65 6e 63 65 73
0x00007ffba21dec70:   00 00 00 00 00 00 00 00 20 20 20 20 43 57 52 3a
0x00007ffba21dec80:   20 50 61 72 61 6c 6c 65 6c 20 4d 61 72 6b 00 00
0x00007ffba21dec90:   20 20 52 65 6e 64 65 7a 76 6f 75 73 00 00 00 00
0x00007ffba21deca0:   43 6f 6e 63 75 72 72 65 6e 74 20 43 6c 65 61 6e 


Stack slot to memory mapping:

stack at sp + 0 slots: 0x00007ffba1e507af jvm.dll
stack at sp + 1 slots: 0x00000151fe5ba620 points into unknown readable memory: 0x00000151fecd54c0 | c0 54 cd fe 51 01 00 00
stack at sp + 2 slots: 0x0 is null
stack at sp + 3 slots: 0x00000048405ff540 points into unknown readable memory: 0x0000000000000040 | 40 00 00 00 00 00 00 00
stack at sp + 4 slots: 0x00007ffba1e4f07a jvm.dll
stack at sp + 5 slots: 0x00007ffba21d1a28 jvm.dll
stack at sp + 6 slots: 0x00000151e43f07f0 points into unknown readable memory: 0x00007ffba21d3658 | 58 36 1d a2 fb 7f 00 00
stack at sp + 7 slots: 0x00000151fd14e180 points into unknown readable memory: 0x00007ffba21d2888 | 88 28 1d a2 fb 7f 00 00


---------------  P R O C E S S  ---------------

Threads class SMR info:
_java_thread_list=0x00000151d03ddbd0, length=56, elements={
0x00000151e43e8610, 0x00000151fd15dfa0, 0x00000151fd15f0b0, 0x00000151fd160d20,
0x00000151fd161d90, 0x00000151fd1650d0, 0x00000151fd166680, 0x00000151fd16d660,
0x00000151fd16ea40, 0x00000151fe46a290, 0x00000151fe4681c0, 0x00000151fe467b30,
0x00000151fe468ee0, 0x00000151fe469c00, 0x00000151fe466e10, 0x00000151fe4674a0,
0x00000151fe469570, 0x00000151c5656ae0, 0x00000151c565b310, 0x00000151c5657170,
0x00000151c5657e90, 0x00000151c565b9a0, 0x00000151c5658bb0, 0x00000151c5656450,
0x00000151c5657800, 0x00000151c5659240, 0x00000151c565c030, 0x00000151c56598d0,
0x00000151c5659f60, 0x00000151c565a5f0, 0x00000151c565ac80, 0x00000151c565c6c0,
0x00000151c5655730, 0x00000151c565cd50, 0x00000151c6de0400, 0x00000151c6dde330,
0x00000151c6de0a90, 0x00000151c6dde9c0, 0x00000151c6ddf050, 0x00000151c6ddfd70,
0x00000151c6ddd610, 0x00000151d06668e0, 0x00000151d06689b0, 0x00000151d0669040,
0x00000151d066a3f0, 0x00000151d0664180, 0x00000151d0667600, 0x00000151d0666f70,
0x00000151d0665bc0, 0x00000151d0667c90, 0x00000151d0669d60, 0x00000151d066b110,
0x00000151d0664810, 0x00000151c5658520, 0x00000151d04394d0, 0x00000151c6d6cfe0
}

Java Threads: ( => current thread )
  0x00000151e43e8610 JavaThread "main"                              [_thread_blocked, id=10816, stack(0x000000483f600000,0x000000483f700000) (1024K)]
  0x00000151fd15dfa0 JavaThread "Reference Handler"          daemon [_thread_blocked, id=2432, stack(0x000000483fa00000,0x000000483fb00000) (1024K)]
  0x00000151fd15f0b0 JavaThread "Finalizer"                  daemon [_thread_blocked, id=11448, stack(0x000000483fb00000,0x000000483fc00000) (1024K)]
  0x00000151fd160d20 JavaThread "Signal Dispatcher"          daemon [_thread_blocked, id=10580, stack(0x000000483fc00000,0x000000483fd00000) (1024K)]
  0x00000151fd161d90 JavaThread "Attach Listener"            daemon [_thread_blocked, id=12840, stack(0x000000483fd00000,0x000000483fe00000) (1024K)]
  0x00000151fd1650d0 JavaThread "Service Thread"             daemon [_thread_blocked, id=11976, stack(0x000000483fe00000,0x000000483ff00000) (1024K)]
  0x00000151fd166680 JavaThread "Monitor Deflation Thread"   daemon [_thread_blocked, id=4980, stack(0x000000483ff00000,0x0000004840000000) (1024K)]
  0x00000151fd16d660 JavaThread "C2 CompilerThread0"         daemon [_thread_blocked, id=10848, stack(0x0000004840000000,0x0000004840100000) (1024K)]
  0x00000151fd16ea40 JavaThread "C1 CompilerThread0"         daemon [_thread_blocked, id=4156, stack(0x0000004840100000,0x0000004840200000) (1024K)]
  0x00000151fe46a290 JavaThread "Common-Cleaner"             daemon [_thread_blocked, id=7952, stack(0x0000004840200000,0x0000004840300000) (1024K)]
  0x00000151fe4681c0 JavaThread "Notification Thread"        daemon [_thread_blocked, id=11980, stack(0x0000004840400000,0x0000004840500000) (1024K)]
  0x00000151fe467b30 JavaThread "Active Thread: Equinox Container: 71c1673d-7d3f-4211-8737-c1f7e2f28b74"        [_thread_blocked, id=8232, stack(0x0000004840a00000,0x0000004840b00000) (1024K)]
  0x00000151fe468ee0 JavaThread "Refresh Thread: Equinox Container: 71c1673d-7d3f-4211-8737-c1f7e2f28b74" daemon [_thread_blocked, id=8368, stack(0x0000004840b00000,0x0000004840c00000) (1024K)]
  0x00000151fe469c00 JavaThread "Framework Event Dispatcher: Equinox Container: 71c1673d-7d3f-4211-8737-c1f7e2f28b74" daemon [_thread_blocked, id=9868, stack(0x0000004840c00000,0x0000004840d00000) (1024K)]
  0x00000151fe466e10 JavaThread "Start Level: Equinox Container: 71c1673d-7d3f-4211-8737-c1f7e2f28b74" daemon [_thread_blocked, id=2716, stack(0x0000004840d00000,0x0000004840e00000) (1024K)]
  0x00000151fe4674a0 JavaThread "Bundle File Closer"         daemon [_thread_blocked, id=6896, stack(0x0000004840e00000,0x0000004840f00000) (1024K)]
  0x00000151fe469570 JavaThread "SCR Component Actor"        daemon [_thread_blocked, id=12748, stack(0x0000004840f00000,0x0000004841000000) (1024K)]
  0x00000151c5656ae0 JavaThread "Worker-JM"                         [_thread_blocked, id=11880, stack(0x0000004841100000,0x0000004841200000) (1024K)]
  0x00000151c565b310 JavaThread "JNA Cleaner"                daemon [_thread_blocked, id=10984, stack(0x0000004841200000,0x0000004841300000) (1024K)]
  0x00000151c5657170 JavaThread "Worker-0"                          [_thread_blocked, id=11228, stack(0x0000004841300000,0x0000004841400000) (1024K)]
  0x00000151c5657e90 JavaThread "Worker-1: Check JDK Index"         [_thread_blocked, id=2164, stack(0x0000004841400000,0x0000004841500000) (1024K)]
  0x00000151c565b9a0 JavaThread "Java indexing"              daemon [_thread_blocked, id=7556, stack(0x0000004841500000,0x0000004841600000) (1024K)]
  0x00000151c5658bb0 JavaThread "Worker-2"                          [_thread_blocked, id=5096, stack(0x0000004841800000,0x0000004841900000) (1024K)]
  0x00000151c5656450 JavaThread "Worker-3: Java indexing... "        [_thread_blocked, id=5356, stack(0x0000004841900000,0x0000004841a00000) (1024K)]
  0x00000151c5657800 JavaThread "Thread-2"                   daemon [_thread_in_native, id=7320, stack(0x0000004841a00000,0x0000004841b00000) (1024K)]
  0x00000151c5659240 JavaThread "Thread-3"                   daemon [_thread_in_native, id=12244, stack(0x0000004841b00000,0x0000004841c00000) (1024K)]
  0x00000151c565c030 JavaThread "Thread-4"                   daemon [_thread_in_native, id=11476, stack(0x0000004841c00000,0x0000004841d00000) (1024K)]
  0x00000151c56598d0 JavaThread "Thread-5"                   daemon [_thread_in_native, id=11068, stack(0x0000004841d00000,0x0000004841e00000) (1024K)]
  0x00000151c5659f60 JavaThread "Thread-6"                   daemon [_thread_in_native, id=360, stack(0x0000004841e00000,0x0000004841f00000) (1024K)]
  0x00000151c565a5f0 JavaThread "Thread-7"                   daemon [_thread_in_native, id=10504, stack(0x0000004841f00000,0x0000004842000000) (1024K)]
  0x00000151c565ac80 JavaThread "Thread-8"                   daemon [_thread_in_native, id=7160, stack(0x0000004842000000,0x0000004842100000) (1024K)]
  0x00000151c565c6c0 JavaThread "pool-2-thread-1"                   [_thread_blocked, id=4964, stack(0x0000004842100000,0x0000004842200000) (1024K)]
  0x00000151c5655730 JavaThread "WorkspaceEventsHandler"            [_thread_blocked, id=11028, stack(0x0000004842200000,0x0000004842300000) (1024K)]
  0x00000151c565cd50 JavaThread "pool-1-thread-1"                   [_thread_blocked, id=268, stack(0x0000004842300000,0x0000004842400000) (1024K)]
  0x00000151c6de0400 JavaThread "Worker-4"                          [_thread_blocked, id=11268, stack(0x0000004842400000,0x0000004842500000) (1024K)]
  0x00000151c6dde330 JavaThread "LocalFile Deleter"          daemon [_thread_blocked, id=1964, stack(0x0000004842500000,0x0000004842600000) (1024K)]
  0x00000151c6de0a90 JavaThread "LocalFile Deleter"          daemon [_thread_blocked, id=5336, stack(0x0000004842600000,0x0000004842700000) (1024K)]
  0x00000151c6dde9c0 JavaThread "LocalFile Deleter"          daemon [_thread_blocked, id=2832, stack(0x0000004842700000,0x0000004842800000) (1024K)]
  0x00000151c6ddf050 JavaThread "LocalFile Deleter"          daemon [_thread_blocked, id=11296, stack(0x0000004842800000,0x0000004842900000) (1024K)]
  0x00000151c6ddfd70 JavaThread "LocalFile Deleter"          daemon [_thread_blocked, id=3124, stack(0x0000004842900000,0x0000004842a00000) (1024K)]
  0x00000151c6ddd610 JavaThread "LocalFile Deleter"          daemon [_thread_blocked, id=10564, stack(0x0000004842a00000,0x0000004842b00000) (1024K)]
  0x00000151d06668e0 JavaThread "Compiler Source File Reader" daemon [_thread_blocked, id=12596, stack(0x0000004842b00000,0x0000004842c00000) (1024K)]
  0x00000151d06689b0 JavaThread "Compiler Source File Reader" daemon [_thread_blocked, id=6476, stack(0x0000004842c00000,0x0000004842d00000) (1024K)]
  0x00000151d0669040 JavaThread "Compiler Source File Reader" daemon [_thread_blocked, id=7524, stack(0x0000004842d00000,0x0000004842e00000) (1024K)]
  0x00000151d066a3f0 JavaThread "Compiler Source File Reader" daemon [_thread_blocked, id=1288, stack(0x0000004842e00000,0x0000004842f00000) (1024K)]
  0x00000151d0664180 JavaThread "Compiler Processing Task"   daemon [_thread_blocked, id=13352, stack(0x0000004842f00000,0x0000004843000000) (1024K)]
  0x00000151d0667600 JavaThread "Compiler Class File Writer" daemon [_thread_blocked, id=13360, stack(0x0000004843000000,0x0000004843100000) (1024K)]
  0x00000151d0666f70 JavaThread "Compiler Class File Writer" daemon [_thread_blocked, id=13364, stack(0x0000004843100000,0x0000004843200000) (1024K)]
  0x00000151d0665bc0 JavaThread "Compiler Class File Writer" daemon [_thread_blocked, id=13368, stack(0x0000004843200000,0x0000004843300000) (1024K)]
  0x00000151d0667c90 JavaThread "Compiler Class File Writer" daemon [_thread_blocked, id=13372, stack(0x0000004843300000,0x0000004843400000) (1024K)]
  0x00000151d0669d60 JavaThread "Worker-5"                          [_thread_blocked, id=13328, stack(0x0000004841000000,0x0000004841100000) (1024K)]
  0x00000151d066b110 JavaThread "ForkJoinPool.commonPool-worker-1" daemon [_thread_blocked, id=13872, stack(0x0000004843400000,0x0000004843500000) (1024K)]
  0x00000151d0664810 JavaThread "Worker-6"                          [_thread_blocked, id=14236, stack(0x0000004843600000,0x0000004843700000) (1024K)]
  0x00000151c5658520 JavaThread "ForkJoinPool.commonPool-worker-2" daemon [_thread_blocked, id=13320, stack(0x0000004843700000,0x0000004843800000) (1024K)]
  0x00000151d04394d0 JavaThread "ForkJoinPool.commonPool-worker-3" daemon [_thread_blocked, id=13468, stack(0x0000004843800000,0x0000004843900000) (1024K)]
  0x00000151c6d6cfe0 JavaThread "C2 CompilerThread1"         daemon [_thread_blocked, id=13740, stack(0x0000004840300000,0x0000004840400000) (1024K)]
Total: 56

Other Threads:
  0x00000151fd150190 VMThread "VM Thread"                           [id=11524, stack(0x000000483f900000,0x000000483fa00000) (1024K)]
  0x00000151e67aeff0 WatcherThread "VM Periodic Task Thread"        [id=11500, stack(0x000000483f800000,0x000000483f900000) (1024K)]
  0x00000151e6762140 WorkerThread "GC Thread#0"                     [id=12616, stack(0x000000483f700000,0x000000483f800000) (1024K)]
=>0x00000151fecd54c0 WorkerThread "GC Thread#1"                     [id=10552, stack(0x0000004840500000,0x0000004840600000) (1024K)]
  0x00000151fe9f3990 WorkerThread "GC Thread#2"                     [id=412, stack(0x0000004840600000,0x0000004840700000) (1024K)]
  0x00000151fe9f3d30 WorkerThread "GC Thread#3"                     [id=13256, stack(0x0000004840700000,0x0000004840800000) (1024K)]
  0x00000151feae46e0 WorkerThread "GC Thread#4"                     [id=11740, stack(0x0000004840800000,0x0000004840900000) (1024K)]
  0x00000151fe8a4030 WorkerThread "GC Thread#5"                     [id=10736, stack(0x0000004840900000,0x0000004840a00000) (1024K)]
Total: 8

Threads with active compile tasks:
Total: 0

VM state: at safepoint (normal execution)

VM Mutex/Monitor currently owned by a thread:  ([mutex/lock_event])
[0x00007ffba23f5458] Threads_lock - owner thread: 0x00000151fd150190
[0x00007ffba23f5558] Heap_lock - owner thread: 0x00000151c565b9a0

Heap address: 0x0000000080000000, size: 2048 MB, Compressed Oops mode: 32-bit

CDS archive(s) mapped at: [0x0000015180000000-0x0000015180ba0000-0x0000015180ba0000), size 12189696, SharedBaseAddress: 0x0000015180000000, ArchiveRelocationMode: 1.
Compressed class space mapped at: 0x0000015181000000-0x00000151c1000000, reserved size: 1073741824
Narrow klass base: 0x0000015180000000, Narrow klass shift: 0, Narrow klass range: 0x100000000

GC Precious Log:
 CardTable entry size: 512
 CPUs: 6 total, 6 available
 Memory: 8127M
 Large Page Support: Disabled
 NUMA Support: Disabled
 Compressed Oops: Enabled (32-bit)
 Alignments: Space 512K, Generation 512K, Heap 2M
 Heap Min Capacity: 100M
 Heap Initial Capacity: 100M
 Heap Max Capacity: 2G
 Pre-touch: Disabled
 Parallel Workers: 6

Heap:
 PSYoungGen      total 2048K, used 1984K [0x00000000d5580000, 0x00000000d5880000, 0x0000000100000000)
  eden space 1024K, 100% used [0x00000000d5580000,0x00000000d5680000,0x00000000d5680000)
  from space 1024K, 93% used [0x00000000d5680000,0x00000000d5770000,0x00000000d5780000)
  to   space 1024K, 96% used [0x00000000d5780000,0x00000000d5878000,0x00000000d5880000)
 ParOldGen       total 401408K, used 401038K [0x0000000080000000, 0x0000000098800000, 0x00000000d5580000)
  object space 401408K, 99% used [0x0000000080000000,0x00000000987a3bd0,0x0000000098800000)
 Metaspace       used 64289K, committed 65856K, reserved 1114112K
  class space    used 6837K, committed 7488K, reserved 1048576K

Card table byte_map: [0x00000151e6100000,0x00000151e6510000] _byte_map_base: 0x00000151e5d00000

Marking Bits: (ParMarkBitMap*) 0x00007ffba23fa340
 Begin Bits: [0x00000151f8bf0000, 0x00000151fabf0000)
 End Bits:   [0x00000151fabf0000, 0x00000151fcbf0000)

Polling page: 0x00000151e4630000

Metaspace:

Usage:
  Non-class:     56.11 MB used.
      Class:      6.68 MB used.
       Both:     62.78 MB used.

Virtual space:
  Non-class space:       64.00 MB reserved,      57.00 MB ( 89%) committed,  1 nodes.
      Class space:        1.00 GB reserved,       7.31 MB ( <1%) committed,  1 nodes.
             Both:        1.06 GB reserved,      64.31 MB (  6%) committed. 

Chunk freelists:
   Non-Class:  7.05 MB
       Class:  8.72 MB
        Both:  15.77 MB

MaxMetaspaceSize: unlimited
CompressedClassSpaceSize: 1.00 GB
Initial GC threshold: 21.00 MB
Current GC threshold: 97.31 MB
CDS: on
 - commit_granule_bytes: 65536.
 - commit_granule_words: 8192.
 - virtual_space_node_default_size: 8388608.
 - enlarge_chunks_in_place: 1.
 - use_allocation_guard: 0.


Internal statistics:

num_allocs_failed_limit: 9.
num_arena_births: 1246.
num_arena_deaths: 18.
num_vsnodes_births: 2.
num_vsnodes_deaths: 0.
num_space_committed: 1029.
num_space_uncommitted: 0.
num_chunks_returned_to_freelist: 29.
num_chunks_taken_from_freelist: 4432.
num_chunk_merges: 13.
num_chunk_splits: 2652.
num_chunks_enlarged: 1391.
num_inconsistent_stats: 0.

CodeHeap 'non-profiled nmethods': size=120000Kb used=6892Kb max_used=6892Kb free=113107Kb
 bounds [0x00000151f1410000, 0x00000151f1ad0000, 0x00000151f8940000]
CodeHeap 'profiled nmethods': size=120000Kb used=21227Kb max_used=21227Kb free=98772Kb
 bounds [0x00000151e9940000, 0x00000151eae00000, 0x00000151f0e70000]
CodeHeap 'non-nmethods': size=5760Kb used=1450Kb max_used=1573Kb free=4309Kb
 bounds [0x00000151f0e70000, 0x00000151f10e0000, 0x00000151f1410000]
CodeCache: size=245760Kb, used=29569Kb, max_used=29692Kb, free=216188Kb
 total_blobs=10963, nmethods=10196, adapters=672, full_count=0
Compilation: enabled, stopped_count=0, restarted_count=0

Compilation events (20 events):
Event: 25.512 Thread 0x00000151c6d6cfe0 nmethod 10942 0x00000151f1ab9d10 code [0x00000151f1ab9f80, 0x00000151f1abb690]
Event: 25.513 Thread 0x00000151c6d6cfe0 10948 %     4       org.eclipse.jdt.internal.core.index.DiskIndex::writeStreamChars @ 9 (285 bytes)
Event: 25.518 Thread 0x00000151c6d6cfe0 nmethod 10948% 0x00000151f1abc110 code [0x00000151f1abc2c0, 0x00000151f1abc6b8]
Event: 25.518 Thread 0x00000151c6d6cfe0 10949       4       org.eclipse.jdt.internal.core.index.DiskIndex::writeStreamChars (220 bytes)
Event: 25.527 Thread 0x00000151c6d6cfe0 nmethod 10949 0x00000151f1abc890 code [0x00000151f1abca80, 0x00000151f1abd2e0]
Event: 25.527 Thread 0x00000151c6d6cfe0 10950       4       org.eclipse.jdt.internal.core.index.DiskIndex::writeStreamChars (285 bytes)
Event: 25.532 Thread 0x00000151fd16d660 nmethod 10944% 0x00000151f1abd710 code [0x00000151f1abdac0, 0x00000151f1ac0450]
Event: 25.534 Thread 0x00000151c6d6cfe0 nmethod 10950 0x00000151f1ac1810 code [0x00000151f1ac19c0, 0x00000151f1ac1f50]
Event: 25.541 Thread 0x00000151c6d6cfe0 10951       4       java.io.BufferedOutputStream::growIfNeeded (59 bytes)
Event: 25.541 Thread 0x00000151c6d6cfe0 nmethod 10951 0x00000151f1ac2190 code [0x00000151f1ac2320, 0x00000151f1ac2418]
Event: 25.542 Thread 0x00000151c6d6cfe0 10952   !   4       java.io.BufferedOutputStream::write (73 bytes)
Event: 25.548 Thread 0x00000151c6d6cfe0 nmethod 10952 0x00000151f1ac2510 code [0x00000151f1ac2760, 0x00000151f1ac2f78]
Event: 25.553 Thread 0x00000151c6d6cfe0 10953       4       org.eclipse.jdt.internal.core.index.DiskIndex::writeCategoryTable (252 bytes)
Event: 25.557 Thread 0x00000151fd16ea40 10954       3       org.eclipse.jdt.internal.core.index.DiskIndex::writeStreamChars (220 bytes)
Event: 25.557 Thread 0x00000151fd16ea40 nmethod 10954 0x00000151eadfa210 code [0x00000151eadfa420, 0x00000151eadfab18]
Event: 25.559 Thread 0x00000151fd16d660 10955       4       org.eclipse.jdt.internal.core.index.DiskIndex::writeStreamChars (220 bytes)
Event: 25.569 Thread 0x00000151fd16d660 nmethod 10955 0x00000151f1ac3810 code [0x00000151f1ac3a20, 0x00000151f1ac43d0]
Event: 25.594 Thread 0x00000151c6d6cfe0 nmethod 10953 0x00000151f1ac4910 code [0x00000151f1ac4ce0, 0x00000151f1ac7438]
Event: 25.596 Thread 0x00000151c6d6cfe0 10956 %     4       org.eclipse.jdt.internal.core.index.DiskIndex::writeCategoryTable @ 154 (252 bytes)
Event: 25.618 Thread 0x00000151c6d6cfe0 nmethod 10956% 0x00000151f1ac8a90 code [0x00000151f1ac8d60, 0x00000151f1aca480]

GC Heap History (20 events):
Event: 25.353 GC heap after
{Heap after GC invocations=447 (full 3):
 PSYoungGen      total 1536K, used 563K [0x00000000d5580000, 0x00000000d5800000, 0x0000000100000000)
  eden space 512K, 0% used [0x00000000d5580000,0x00000000d5580000,0x00000000d5600000)
  from space 1024K, 55% used [0x00000000d5700000,0x00000000d578cfd0,0x00000000d5800000)
  to   space 1024K, 0% used [0x00000000d5600000,0x00000000d5600000,0x00000000d5700000)
 ParOldGen       total 394752K, used 394335K [0x0000000080000000, 0x0000000098180000, 0x00000000d5580000)
  object space 394752K, 99% used [0x0000000080000000,0x0000000098117f88,0x0000000098180000)
 Metaspace       used 64266K, committed 65792K, reserved 1114112K
  class space    used 6837K, committed 7488K, reserved 1048576K
}
Event: 25.357 GC heap before
{Heap before GC invocations=448 (full 3):
 PSYoungGen      total 1536K, used 923K [0x00000000d5580000, 0x00000000d5800000, 0x0000000100000000)
  eden space 512K, 70% used [0x00000000d5580000,0x00000000d55d9df8,0x00000000d5600000)
  from space 1024K, 55% used [0x00000000d5700000,0x00000000d578cfd0,0x00000000d5800000)
  to   space 1024K, 0% used [0x00000000d5600000,0x00000000d5600000,0x00000000d5700000)
 ParOldGen       total 394752K, used 394335K [0x0000000080000000, 0x0000000098180000, 0x00000000d5580000)
  object space 394752K, 99% used [0x0000000080000000,0x0000000098117f88,0x0000000098180000)
 Metaspace       used 64266K, committed 65792K, reserved 1114112K
  class space    used 6837K, committed 7488K, reserved 1048576K
}
Event: 25.359 GC heap after
{Heap after GC invocations=448 (full 3):
 PSYoungGen      total 1536K, used 403K [0x00000000d5580000, 0x00000000d5780000, 0x0000000100000000)
  eden space 512K, 0% used [0x00000000d5580000,0x00000000d5580000,0x00000000d5600000)
  from space 1024K, 39% used [0x00000000d5600000,0x00000000d5664fd0,0x00000000d5700000)
  to   space 512K, 0% used [0x00000000d5700000,0x00000000d5700000,0x00000000d5780000)
 ParOldGen       total 395264K, used 394851K [0x0000000080000000, 0x0000000098200000, 0x00000000d5580000)
  object space 395264K, 99% used [0x0000000080000000,0x0000000098198f48,0x0000000098200000)
 Metaspace       used 64266K, committed 65792K, reserved 1114112K
  class space    used 6837K, committed 7488K, reserved 1048576K
}
Event: 25.364 GC heap before
{Heap before GC invocations=449 (full 3):
 PSYoungGen      total 1536K, used 915K [0x00000000d5580000, 0x00000000d5780000, 0x0000000100000000)
  eden space 512K, 100% used [0x00000000d5580000,0x00000000d5600000,0x00000000d5600000)
  from space 1024K, 39% used [0x00000000d5600000,0x00000000d5664fd0,0x00000000d5700000)
  to   space 512K, 0% used [0x00000000d5700000,0x00000000d5700000,0x00000000d5780000)
 ParOldGen       total 395264K, used 394851K [0x0000000080000000, 0x0000000098200000, 0x00000000d5580000)
  object space 395264K, 99% used [0x0000000080000000,0x0000000098198f48,0x0000000098200000)
 Metaspace       used 64266K, committed 65792K, reserved 1114112K
  class space    used 6837K, committed 7488K, reserved 1048576K
}
Event: 25.365 GC heap after
{Heap after GC invocations=449 (full 3):
 PSYoungGen      total 1536K, used 435K [0x00000000d5580000, 0x00000000d5780000, 0x0000000100000000)
  eden space 1024K, 0% used [0x00000000d5580000,0x00000000d5580000,0x00000000d5680000)
  from space 512K, 85% used [0x00000000d5700000,0x00000000d576cfd0,0x00000000d5780000)
  to   space 512K, 0% used [0x00000000d5680000,0x00000000d5680000,0x00000000d5700000)
 ParOldGen       total 395776K, used 395404K [0x0000000080000000, 0x0000000098280000, 0x00000000d5580000)
  object space 395776K, 99% used [0x0000000080000000,0x0000000098223210,0x0000000098280000)
 Metaspace       used 64266K, committed 65792K, reserved 1114112K
  class space    used 6837K, committed 7488K, reserved 1048576K
}
Event: 25.381 GC heap before
{Heap before GC invocations=450 (full 3):
 PSYoungGen      total 1536K, used 1459K [0x00000000d5580000, 0x00000000d5780000, 0x0000000100000000)
  eden space 1024K, 100% used [0x00000000d5580000,0x00000000d5680000,0x00000000d5680000)
  from space 512K, 85% used [0x00000000d5700000,0x00000000d576cfd0,0x00000000d5780000)
  to   space 512K, 0% used [0x00000000d5680000,0x00000000d5680000,0x00000000d5700000)
 ParOldGen       total 395776K, used 395404K [0x0000000080000000, 0x0000000098280000, 0x00000000d5580000)
  object space 395776K, 99% used [0x0000000080000000,0x0000000098223210,0x0000000098280000)
 Metaspace       used 64284K, committed 65856K, reserved 1114112K
  class space    used 6837K, committed 7488K, reserved 1048576K
}
Event: 25.383 GC heap after
{Heap after GC invocations=450 (full 3):
 PSYoungGen      total 1536K, used 512K [0x00000000d5580000, 0x00000000d5980000, 0x0000000100000000)
  eden space 1024K, 0% used [0x00000000d5580000,0x00000000d5580000,0x00000000d5680000)
  from space 512K, 100% used [0x00000000d5680000,0x00000000d5700000,0x00000000d5700000)
  to   space 1536K, 0% used [0x00000000d5800000,0x00000000d5800000,0x00000000d5980000)
 ParOldGen       total 396288K, used 396237K [0x0000000080000000, 0x0000000098300000, 0x00000000d5580000)
  object space 396288K, 99% used [0x0000000080000000,0x00000000982f36b0,0x0000000098300000)
 Metaspace       used 64284K, committed 65856K, reserved 1114112K
  class space    used 6837K, committed 7488K, reserved 1048576K
}
Event: 25.407 GC heap before
{Heap before GC invocations=451 (full 3):
 PSYoungGen      total 1536K, used 1535K [0x00000000d5580000, 0x00000000d5980000, 0x0000000100000000)
  eden space 1024K, 99% used [0x00000000d5580000,0x00000000d567fff8,0x00000000d5680000)
  from space 512K, 100% used [0x00000000d5680000,0x00000000d5700000,0x00000000d5700000)
  to   space 1536K, 0% used [0x00000000d5800000,0x00000000d5800000,0x00000000d5980000)
 ParOldGen       total 396288K, used 396237K [0x0000000080000000, 0x0000000098300000, 0x00000000d5580000)
  object space 396288K, 99% used [0x0000000080000000,0x00000000982f36b0,0x0000000098300000)
 Metaspace       used 64289K, committed 65856K, reserved 1114112K
  class space    used 6837K, committed 7488K, reserved 1048576K
}
Event: 25.409 GC heap after
{Heap after GC invocations=451 (full 3):
 PSYoungGen      total 2560K, used 947K [0x00000000d5580000, 0x00000000d5980000, 0x0000000100000000)
  eden space 1024K, 0% used [0x00000000d5580000,0x00000000d5580000,0x00000000d5680000)
  from space 1536K, 61% used [0x00000000d5800000,0x00000000d58ecfd0,0x00000000d5980000)
  to   space 1536K, 0% used [0x00000000d5680000,0x00000000d5680000,0x00000000d5800000)
 ParOldGen       total 396800K, used 396749K [0x0000000080000000, 0x0000000098380000, 0x00000000d5580000)
  object space 396800K, 99% used [0x0000000080000000,0x00000000983736b0,0x0000000098380000)
 Metaspace       used 64289K, committed 65856K, reserved 1114112K
  class space    used 6837K, committed 7488K, reserved 1048576K
}
Event: 25.426 GC heap before
{Heap before GC invocations=452 (full 3):
 PSYoungGen      total 2560K, used 1971K [0x00000000d5580000, 0x00000000d5980000, 0x0000000100000000)
  eden space 1024K, 100% used [0x00000000d5580000,0x00000000d5680000,0x00000000d5680000)
  from space 1536K, 61% used [0x00000000d5800000,0x00000000d58ecfd0,0x00000000d5980000)
  to   space 1536K, 0% used [0x00000000d5680000,0x00000000d5680000,0x00000000d5800000)
 ParOldGen       total 396800K, used 396749K [0x0000000080000000, 0x0000000098380000, 0x00000000d5580000)
  object space 396800K, 99% used [0x0000000080000000,0x00000000983736b0,0x0000000098380000)
 Metaspace       used 64289K, committed 65856K, reserved 1114112K
  class space    used 6837K, committed 7488K, reserved 1048576K
}
Event: 25.428 GC heap after
{Heap after GC invocations=452 (full 3):
 PSYoungGen      total 2048K, used 736K [0x00000000d5580000, 0x00000000d5880000, 0x0000000100000000)
  eden space 1024K, 0% used [0x00000000d5580000,0x00000000d5580000,0x00000000d5680000)
  from space 1024K, 71% used [0x00000000d5680000,0x00000000d5738000,0x00000000d5780000)
  to   space 1024K, 0% used [0x00000000d5780000,0x00000000d5780000,0x00000000d5880000)
 ParOldGen       total 397824K, used 397638K [0x0000000080000000, 0x0000000098480000, 0x00000000d5580000)
  object space 397824K, 99% used [0x0000000080000000,0x0000000098451bd0,0x0000000098480000)
 Metaspace       used 64289K, committed 65856K, reserved 1114112K
  class space    used 6837K, committed 7488K, reserved 1048576K
}
Event: 25.438 GC heap before
{Heap before GC invocations=453 (full 3):
 PSYoungGen      total 2048K, used 1759K [0x00000000d5580000, 0x00000000d5880000, 0x0000000100000000)
  eden space 1024K, 99% used [0x00000000d5580000,0x00000000d567fdd0,0x00000000d5680000)
  from space 1024K, 71% used [0x00000000d5680000,0x00000000d5738000,0x00000000d5780000)
  to   space 1024K, 0% used [0x00000000d5780000,0x00000000d5780000,0x00000000d5880000)
 ParOldGen       total 397824K, used 397638K [0x0000000080000000, 0x0000000098480000, 0x00000000d5580000)
  object space 397824K, 99% used [0x0000000080000000,0x0000000098451bd0,0x0000000098480000)
 Metaspace       used 64289K, committed 65856K, reserved 1114112K
  class space    used 6837K, committed 7488K, reserved 1048576K
}
Event: 25.441 GC heap after
{Heap after GC invocations=453 (full 3):
 PSYoungGen      total 2048K, used 672K [0x00000000d5580000, 0x00000000d5880000, 0x0000000100000000)
  eden space 1024K, 0% used [0x00000000d5580000,0x00000000d5580000,0x00000000d5680000)
  from space 1024K, 65% used [0x00000000d5780000,0x00000000d5828000,0x00000000d5880000)
  to   space 1024K, 0% used [0x00000000d5680000,0x00000000d5680000,0x00000000d5780000)
 ParOldGen       total 398336K, used 398318K [0x0000000080000000, 0x0000000098500000, 0x00000000d5580000)
  object space 398336K, 99% used [0x0000000080000000,0x00000000984fbbd0,0x0000000098500000)
 Metaspace       used 64289K, committed 65856K, reserved 1114112K
  class space    used 6837K, committed 7488K, reserved 1048576K
}
Event: 25.451 GC heap before
{Heap before GC invocations=454 (full 3):
 PSYoungGen      total 2048K, used 1653K [0x00000000d5580000, 0x00000000d5880000, 0x0000000100000000)
  eden space 1024K, 95% used [0x00000000d5580000,0x00000000d5675628,0x00000000d5680000)
  from space 1024K, 65% used [0x00000000d5780000,0x00000000d5828000,0x00000000d5880000)
  to   space 1024K, 0% used [0x00000000d5680000,0x00000000d5680000,0x00000000d5780000)
 ParOldGen       total 398336K, used 398318K [0x0000000080000000, 0x0000000098500000, 0x00000000d5580000)
  object space 398336K, 99% used [0x0000000080000000,0x00000000984fbbd0,0x0000000098500000)
 Metaspace       used 64289K, committed 65856K, reserved 1114112K
  class space    used 6837K, committed 7488K, reserved 1048576K
}
Event: 25.452 GC heap after
{Heap after GC invocations=454 (full 3):
 PSYoungGen      total 2048K, used 640K [0x00000000d5580000, 0x00000000d5880000, 0x0000000100000000)
  eden space 1024K, 0% used [0x00000000d5580000,0x00000000d5580000,0x00000000d5680000)
  from space 1024K, 62% used [0x00000000d5680000,0x00000000d5720000,0x00000000d5780000)
  to   space 1024K, 0% used [0x00000000d5780000,0x00000000d5780000,0x00000000d5880000)
 ParOldGen       total 399360K, used 398918K [0x0000000080000000, 0x0000000098600000, 0x00000000d5580000)
  object space 399360K, 99% used [0x0000000080000000,0x0000000098591bd0,0x0000000098600000)
 Metaspace       used 64289K, committed 65856K, reserved 1114112K
  class space    used 6837K, committed 7488K, reserved 1048576K
}
Event: 25.488 GC heap before
{Heap before GC invocations=455 (full 3):
 PSYoungGen      total 2048K, used 1663K [0x00000000d5580000, 0x00000000d5880000, 0x0000000100000000)
  eden space 1024K, 99% used [0x00000000d5580000,0x00000000d567ffe0,0x00000000d5680000)
  from space 1024K, 62% used [0x00000000d5680000,0x00000000d5720000,0x00000000d5780000)
  to   space 1024K, 0% used [0x00000000d5780000,0x00000000d5780000,0x00000000d5880000)
 ParOldGen       total 399360K, used 398918K [0x0000000080000000, 0x0000000098600000, 0x00000000d5580000)
  object space 399360K, 99% used [0x0000000080000000,0x0000000098591bd0,0x0000000098600000)
 Metaspace       used 64289K, committed 65856K, reserved 1114112K
  class space    used 6837K, committed 7488K, reserved 1048576K
}
Event: 25.490 GC heap after
{Heap after GC invocations=455 (full 3):
 PSYoungGen      total 2048K, used 736K [0x00000000d5580000, 0x00000000d5880000, 0x0000000100000000)
  eden space 1024K, 0% used [0x00000000d5580000,0x00000000d5580000,0x00000000d5680000)
  from space 1024K, 71% used [0x00000000d5780000,0x00000000d5838000,0x00000000d5880000)
  to   space 1024K, 0% used [0x00000000d5680000,0x00000000d5680000,0x00000000d5780000)
 ParOldGen       total 399872K, used 399534K [0x0000000080000000, 0x0000000098680000, 0x00000000d5580000)
  object space 399872K, 99% used [0x0000000080000000,0x000000009862bbd0,0x0000000098680000)
 Metaspace       used 64289K, committed 65856K, reserved 1114112K
  class space    used 6837K, committed 7488K, reserved 1048576K
}
Event: 25.528 GC heap before
{Heap before GC invocations=456 (full 3):
 PSYoungGen      total 2048K, used 1756K [0x00000000d5580000, 0x00000000d5880000, 0x0000000100000000)
  eden space 1024K, 99% used [0x00000000d5580000,0x00000000d567f0d0,0x00000000d5680000)
  from space 1024K, 71% used [0x00000000d5780000,0x00000000d5838000,0x00000000d5880000)
  to   space 1024K, 0% used [0x00000000d5680000,0x00000000d5680000,0x00000000d5780000)
 ParOldGen       total 399872K, used 399534K [0x0000000080000000, 0x0000000098680000, 0x00000000d5580000)
  object space 399872K, 99% used [0x0000000080000000,0x000000009862bbd0,0x0000000098680000)
 Metaspace       used 64289K, committed 65856K, reserved 1114112K
  class space    used 6837K, committed 7488K, reserved 1048576K
}
Event: 25.531 GC heap after
{Heap after GC invocations=456 (full 3):
 PSYoungGen      total 2048K, used 960K [0x00000000d5580000, 0x00000000d5880000, 0x0000000100000000)
  eden space 1024K, 0% used [0x00000000d5580000,0x00000000d5580000,0x00000000d5680000)
  from space 1024K, 93% used [0x00000000d5680000,0x00000000d5770000,0x00000000d5780000)
  to   space 1024K, 0% used [0x00000000d5780000,0x00000000d5780000,0x00000000d5880000)
 ParOldGen       total 400384K, used 400190K [0x0000000080000000, 0x0000000098700000, 0x00000000d5580000)
  object space 400384K, 99% used [0x0000000080000000,0x00000000986cfbd0,0x0000000098700000)
 Metaspace       used 64289K, committed 65856K, reserved 1114112K
  class space    used 6837K, committed 7488K, reserved 1048576K
}
Event: 26.150 GC heap before
{Heap before GC invocations=457 (full 3):
 PSYoungGen      total 2048K, used 1984K [0x00000000d5580000, 0x00000000d5880000, 0x0000000100000000)
  eden space 1024K, 100% used [0x00000000d5580000,0x00000000d5680000,0x00000000d5680000)
  from space 1024K, 93% used [0x00000000d5680000,0x00000000d5770000,0x00000000d5780000)
  to   space 1024K, 0% used [0x00000000d5780000,0x00000000d5780000,0x00000000d5880000)
 ParOldGen       total 400384K, used 400190K [0x0000000080000000, 0x0000000098700000, 0x00000000d5580000)
  object space 400384K, 99% used [0x0000000080000000,0x00000000986cfbd0,0x0000000098700000)
 Metaspace       used 64289K, committed 65856K, reserved 1114112K
  class space    used 6837K, committed 7488K, reserved 1048576K
}

Dll operation events (10 events):
Event: 0.006 Loaded shared library c:\Users\Pichau\.vscode\extensions\redhat.java-1.44.0-win32-x64\jre\21.0.8-win32-x86_64\bin\java.dll
Event: 0.056 Loaded shared library c:\Users\Pichau\.vscode\extensions\redhat.java-1.44.0-win32-x64\jre\21.0.8-win32-x86_64\bin\zip.dll
Event: 0.072 Loaded shared library C:\Users\Pichau\.vscode\extensions\redhat.java-1.44.0-win32-x64\jre\21.0.8-win32-x86_64\bin\instrument.dll
Event: 0.077 Loaded shared library C:\Users\Pichau\.vscode\extensions\redhat.java-1.44.0-win32-x64\jre\21.0.8-win32-x86_64\bin\net.dll
Event: 0.079 Loaded shared library C:\Users\Pichau\.vscode\extensions\redhat.java-1.44.0-win32-x64\jre\21.0.8-win32-x86_64\bin\nio.dll
Event: 0.081 Loaded shared library C:\Users\Pichau\.vscode\extensions\redhat.java-1.44.0-win32-x64\jre\21.0.8-win32-x86_64\bin\zip.dll
Event: 0.094 Loaded shared library C:\Users\Pichau\.vscode\extensions\redhat.java-1.44.0-win32-x64\jre\21.0.8-win32-x86_64\bin\jimage.dll
Event: 0.152 Loaded shared library c:\Users\Pichau\.vscode\extensions\redhat.java-1.44.0-win32-x64\jre\21.0.8-win32-x86_64\bin\verify.dll
Event: 0.964 Loaded shared library C:\Users\Pichau\AppData\Roaming\Code\User\globalStorage\redhat.java\1.44.0\config_win\org.eclipse.equinox.launcher\org.eclipse.equinox.launcher.win32.win32.x86_64_1.2.1400.v20250730-1736\eclipse_11913.dll
Event: 2.030 Loaded shared library C:\Users\Pichau\AppData\Local\Temp\jna--1904613134\jna10508580234864100048.dll

Deoptimization events (20 events):
Event: 25.524 Thread 0x00000151c565b9a0 DEOPT PACKING pc=0x00000151eadf9e92 sp=0x00000048415fed20
Event: 25.524 Thread 0x00000151c565b9a0 DEOPT UNPACKING pc=0x00000151f0ec4242 sp=0x00000048415fe188 mode 0
Event: 25.524 Thread 0x00000151c565b9a0 DEOPT PACKING pc=0x00000151eadf9e92 sp=0x00000048415fed20
Event: 25.524 Thread 0x00000151c565b9a0 DEOPT UNPACKING pc=0x00000151f0ec4242 sp=0x00000048415fe188 mode 0
Event: 25.524 Thread 0x00000151c565b9a0 DEOPT PACKING pc=0x00000151eadf9e92 sp=0x00000048415fed20
Event: 25.524 Thread 0x00000151c565b9a0 DEOPT UNPACKING pc=0x00000151f0ec4242 sp=0x00000048415fe188 mode 0
Event: 25.532 Thread 0x00000151c565b9a0 DEOPT PACKING pc=0x00000151eadf11ce sp=0x00000048415fede0
Event: 25.532 Thread 0x00000151c565b9a0 DEOPT UNPACKING pc=0x00000151f0ec4242 sp=0x00000048415fe2e0 mode 0
Event: 25.553 Thread 0x00000151c565b9a0 DEOPT PACKING pc=0x00000151eadf11ce sp=0x00000048415fede0
Event: 25.553 Thread 0x00000151c565b9a0 DEOPT UNPACKING pc=0x00000151f0ec4242 sp=0x00000048415fe2e0 mode 0
Event: 25.554 Thread 0x00000151c565b9a0 Uncommon trap: trap_request=0xffffff45 fr.pc=0x00000151f1abf1a4 relative=0x00000000000016e4
Event: 25.554 Thread 0x00000151c565b9a0 Uncommon trap: reason=unstable_if action=reinterpret pc=0x00000151f1abf1a4 method=org.eclipse.jdt.internal.core.index.DiskIndex.writeStreamChars(Ljava/io/OutputStream;[CII)V @ 24 c2
Event: 25.554 Thread 0x00000151c565b9a0 DEOPT PACKING pc=0x00000151f1abf1a4 sp=0x00000048415fee10
Event: 25.554 Thread 0x00000151c565b9a0 DEOPT UNPACKING pc=0x00000151f0ec3aa2 sp=0x00000048415fecb8 mode 2
Event: 25.557 Thread 0x00000151c565b9a0 Uncommon trap: trap_request=0xffffff45 fr.pc=0x00000151f1abd090 relative=0x0000000000000610
Event: 25.557 Thread 0x00000151c565b9a0 Uncommon trap: reason=unstable_if action=reinterpret pc=0x00000151f1abd090 method=org.eclipse.jdt.internal.core.index.DiskIndex.writeStreamChars(Ljava/io/OutputStream;[C)V @ 100 c2
Event: 25.557 Thread 0x00000151c565b9a0 DEOPT PACKING pc=0x00000151f1abd090 sp=0x00000048415fedc0
Event: 25.557 Thread 0x00000151c565b9a0 DEOPT UNPACKING pc=0x00000151f0ec3aa2 sp=0x00000048415fed48 mode 2
Event: 25.764 Thread 0x00000151c565b9a0 DEOPT PACKING pc=0x00000151eadf12cc sp=0x00000048415fede0
Event: 25.764 Thread 0x00000151c565b9a0 DEOPT UNPACKING pc=0x00000151f0ec4242 sp=0x00000048415fe2e0 mode 0

Classes loaded (20 events):
Event: 15.858 Loading class java/util/Collections$SynchronizedList done
Event: 15.858 Loading class java/util/Collections$SynchronizedRandomAccessList done
Event: 15.943 Loading class java/nio/charset/CharacterCodingException
Event: 16.024 Loading class java/nio/charset/CharacterCodingException done
Event: 16.025 Loading class java/io/SequenceInputStream
Event: 16.025 Loading class java/io/SequenceInputStream done
Event: 16.034 Loading class java/util/concurrent/CompletableFuture$Signaller
Event: 16.082 Loading class java/util/concurrent/CompletableFuture$Signaller done
Event: 16.146 Loading class java/util/concurrent/CompletableFuture$UniApply
Event: 16.146 Loading class java/util/concurrent/CompletableFuture$UniCompletion
Event: 16.146 Loading class java/util/concurrent/CompletableFuture$UniCompletion done
Event: 16.146 Loading class java/util/concurrent/CompletableFuture$UniApply done
Event: 16.147 Loading class java/util/concurrent/CompletableFuture$UniAccept
Event: 16.147 Loading class java/util/concurrent/CompletableFuture$UniAccept done
Event: 16.147 Loading class java/util/concurrent/CompletableFuture$UniExceptionally
Event: 16.147 Loading class java/util/concurrent/CompletableFuture$UniExceptionally done
Event: 16.175 Loading class java/util/Hashtable$KeySet
Event: 16.175 Loading class java/util/Hashtable$KeySet done
Event: 16.640 Loading class java/lang/UnsupportedClassVersionError
Event: 16.641 Loading class java/lang/UnsupportedClassVersionError done

Classes unloaded (9 events):
Event: 2.461 Thread 0x00000151fd150190 Unloading class 0x00000151811a9000 'java/lang/invoke/LambdaForm$MH+0x00000151811a9000'
Event: 2.461 Thread 0x00000151fd150190 Unloading class 0x00000151811a8c00 'java/lang/invoke/LambdaForm$MH+0x00000151811a8c00'
Event: 2.461 Thread 0x00000151fd150190 Unloading class 0x00000151811a8800 'java/lang/invoke/LambdaForm$MH+0x00000151811a8800'
Event: 2.461 Thread 0x00000151fd150190 Unloading class 0x00000151811a8400 'java/lang/invoke/LambdaForm$MH+0x00000151811a8400'
Event: 2.461 Thread 0x00000151fd150190 Unloading class 0x00000151811a8000 'java/lang/invoke/LambdaForm$BMH+0x00000151811a8000'
Event: 2.461 Thread 0x00000151fd150190 Unloading class 0x00000151811a7c00 'java/lang/invoke/LambdaForm$DMH+0x00000151811a7c00'
Event: 2.461 Thread 0x00000151fd150190 Unloading class 0x00000151811a6800 'java/lang/invoke/LambdaForm$DMH+0x00000151811a6800'
Event: 8.898 Thread 0x00000151fd150190 Unloading class 0x0000015181684800 'java/lang/invoke/LambdaForm$DMH+0x0000015181684800'
Event: 8.898 Thread 0x00000151fd150190 Unloading class 0x0000015181684c00 'java/lang/invoke/LambdaForm$DMH+0x0000015181684c00'

Classes redefined (0 events):
No events

Internal exceptions (20 events):
Event: 16.828 Thread 0x00000151c5657170 Implicit null exception at 0x00000151f14c3f29 to 0x00000151f14c4534
Event: 16.921 Thread 0x00000151d066b110 Exception <a 'java/lang/IncompatibleClassChangeError'{0x00000000d55eeae0}: Found class java.lang.Object, but interface was expected> (0x00000000d55eeae0) 
thrown [s\src\hotspot\share\interpreter\linkResolver.cpp, line 840]
Event: 17.415 Thread 0x00000151d066b110 Implicit null exception at 0x00000151f19b88a9 to 0x00000151f19b91d4
Event: 18.362 Thread 0x00000151c5657170 Exception <a 'sun/nio/fs/WindowsException'{0x00000000d56a4ad8}> (0x00000000d56a4ad8) 
thrown [s\src\hotspot\share\prims\jni.cpp, line 520]
Event: 18.362 Thread 0x00000151c5657170 Exception <a 'sun/nio/fs/WindowsException'{0x00000000d56a5108}> (0x00000000d56a5108) 
thrown [s\src\hotspot\share\prims\jni.cpp, line 520]
Event: 18.362 Thread 0x00000151c5657170 Exception <a 'sun/nio/fs/WindowsException'{0x00000000d570f6c8}> (0x00000000d570f6c8) 
thrown [s\src\hotspot\share\prims\jni.cpp, line 520]
Event: 18.362 Thread 0x00000151c5657170 Exception <a 'sun/nio/fs/WindowsException'{0x00000000d570fcf8}> (0x00000000d570fcf8) 
thrown [s\src\hotspot\share\prims\jni.cpp, line 520]
Event: 18.363 Thread 0x00000151c5657170 Exception <a 'sun/nio/fs/WindowsException'{0x00000000d5765ff0}> (0x00000000d5765ff0) 
thrown [s\src\hotspot\share\prims\jni.cpp, line 520]
Event: 18.363 Thread 0x00000151c5657170 Exception <a 'sun/nio/fs/WindowsException'{0x00000000d5766620}> (0x00000000d5766620) 
thrown [s\src\hotspot\share\prims\jni.cpp, line 520]
Event: 18.385 Thread 0x00000151c5657170 Exception <a 'sun/nio/fs/WindowsException'{0x00000000d56714a0}> (0x00000000d56714a0) 
thrown [s\src\hotspot\share\prims\jni.cpp, line 520]
Event: 18.385 Thread 0x00000151c5657170 Exception <a 'sun/nio/fs/WindowsException'{0x00000000d5757598}> (0x00000000d5757598) 
thrown [s\src\hotspot\share\prims\jni.cpp, line 520]
Event: 18.394 Thread 0x00000151c5657170 Exception <a 'sun/nio/fs/WindowsException'{0x00000000d5807398}> (0x00000000d5807398) 
thrown [s\src\hotspot\share\prims\jni.cpp, line 520]
Event: 18.394 Thread 0x00000151c5657170 Exception <a 'sun/nio/fs/WindowsException'{0x00000000d58549d8}> (0x00000000d58549d8) 
thrown [s\src\hotspot\share\prims\jni.cpp, line 520]
Event: 18.394 Thread 0x00000151c5657170 Exception <a 'sun/nio/fs/WindowsException'{0x00000000d5864c20}> (0x00000000d5864c20) 
thrown [s\src\hotspot\share\prims\jni.cpp, line 520]
Event: 18.394 Thread 0x00000151c5657170 Exception <a 'sun/nio/fs/WindowsException'{0x00000000d58b2250}> (0x00000000d58b2250) 
thrown [s\src\hotspot\share\prims\jni.cpp, line 520]
Event: 18.395 Thread 0x00000151c5657170 Exception <a 'sun/nio/fs/WindowsException'{0x00000000d59009c0}> (0x00000000d59009c0) 
thrown [s\src\hotspot\share\prims\jni.cpp, line 520]
Event: 18.395 Thread 0x00000151c5657170 Exception <a 'sun/nio/fs/WindowsException'{0x00000000d591fe28}> (0x00000000d591fe28) 
thrown [s\src\hotspot\share\prims\jni.cpp, line 520]
Event: 18.397 Thread 0x00000151c5657170 Exception <a 'sun/nio/fs/WindowsException'{0x00000000d5a31ab8}> (0x00000000d5a31ab8) 
thrown [s\src\hotspot\share\prims\jni.cpp, line 520]
Event: 18.397 Thread 0x00000151c5657170 Exception <a 'sun/nio/fs/WindowsException'{0x00000000d5a47588}> (0x00000000d5a47588) 
thrown [s\src\hotspot\share\prims\jni.cpp, line 520]
Event: 18.650 Thread 0x00000151c5657170 Exception <a 'java/lang/NoSuchMethodError'{0x00000000d559a4d8}: 'java.lang.Object java.lang.invoke.DirectMethodHandle$Holder.invokeStatic(java.lang.Object, java.lang.Object, int, java.lang.Object)'> (0x00000000d559a4d8) 
thrown [s\src\hotspot\share\interpreter\linkResolver.cpp, line 773]

ZGC Phase Switch (0 events):
No events

VM Operations (20 events):
Event: 25.353 Executing VM operation: ParallelGCFailedAllocation (Allocation Failure) done
Event: 25.357 Executing VM operation: ParallelGCFailedAllocation (Allocation Failure)
Event: 25.359 Executing VM operation: ParallelGCFailedAllocation (Allocation Failure) done
Event: 25.364 Executing VM operation: ParallelGCFailedAllocation (Allocation Failure)
Event: 25.365 Executing VM operation: ParallelGCFailedAllocation (Allocation Failure) done
Event: 25.381 Executing VM operation: ParallelGCFailedAllocation (Allocation Failure)
Event: 25.383 Executing VM operation: ParallelGCFailedAllocation (Allocation Failure) done
Event: 25.407 Executing VM operation: ParallelGCFailedAllocation (Allocation Failure)
Event: 25.409 Executing VM operation: ParallelGCFailedAllocation (Allocation Failure) done
Event: 25.426 Executing VM operation: ParallelGCFailedAllocation (Allocation Failure)
Event: 25.429 Executing VM operation: ParallelGCFailedAllocation (Allocation Failure) done
Event: 25.438 Executing VM operation: ParallelGCFailedAllocation (Allocation Failure)
Event: 25.441 Executing VM operation: ParallelGCFailedAllocation (Allocation Failure) done
Event: 25.451 Executing VM operation: ParallelGCFailedAllocation (Allocation Failure)
Event: 25.452 Executing VM operation: ParallelGCFailedAllocation (Allocation Failure) done
Event: 25.488 Executing VM operation: ParallelGCFailedAllocation (Allocation Failure)
Event: 25.490 Executing VM operation: ParallelGCFailedAllocation (Allocation Failure) done
Event: 25.528 Executing VM operation: ParallelGCFailedAllocation (Allocation Failure)
Event: 25.531 Executing VM operation: ParallelGCFailedAllocation (Allocation Failure) done
Event: 26.150 Executing VM operation: ParallelGCFailedAllocation (Allocation Failure)

Memory protections (0 events):
No events

Nmethod flushes (20 events):
Event: 8.913 Thread 0x00000151fd150190 flushing  nmethod 0x00000151ea1c0410
Event: 8.913 Thread 0x00000151fd150190 flushing  nmethod 0x00000151ea1c2a10
Event: 8.913 Thread 0x00000151fd150190 flushing  nmethod 0x00000151ea1caa10
Event: 8.913 Thread 0x00000151fd150190 flushing  nmethod 0x00000151ea1d8910
Event: 8.913 Thread 0x00000151fd150190 flushing  nmethod 0x00000151ea1d9a10
Event: 8.913 Thread 0x00000151fd150190 flushing  nmethod 0x00000151ea1da110
Event: 8.913 Thread 0x00000151fd150190 flushing  nmethod 0x00000151ea1db010
Event: 8.913 Thread 0x00000151fd150190 flushing  nmethod 0x00000151ea1db890
Event: 8.913 Thread 0x00000151fd150190 flushing  nmethod 0x00000151ea1df190
Event: 8.913 Thread 0x00000151fd150190 flushing  nmethod 0x00000151ea1e0290
Event: 8.913 Thread 0x00000151fd150190 flushing  nmethod 0x00000151ea1e2a90
Event: 8.913 Thread 0x00000151fd150190 flushing  nmethod 0x00000151ea1e9010
Event: 8.913 Thread 0x00000151fd150190 flushing  nmethod 0x00000151ea1edd90
Event: 8.913 Thread 0x00000151fd150190 flushing  nmethod 0x00000151ea1fba90
Event: 8.913 Thread 0x00000151fd150190 flushing  nmethod 0x00000151ea259c90
Event: 8.913 Thread 0x00000151fd150190 flushing  nmethod 0x00000151ea25b590
Event: 8.913 Thread 0x00000151fd150190 flushing  nmethod 0x00000151ea25d090
Event: 8.913 Thread 0x00000151fd150190 flushing  nmethod 0x00000151ea264110
Event: 8.913 Thread 0x00000151fd150190 flushing  nmethod 0x00000151ea26b610
Event: 8.913 Thread 0x00000151fd150190 flushing  nmethod 0x00000151ea270390

Events (20 events):
Event: 10.707 Thread 0x00000151d0664810 Thread exited: 0x00000151d0664810
Event: 10.707 Thread 0x00000151d066aa80 Thread exited: 0x00000151d066aa80
Event: 10.854 Thread 0x00000151fd16ea40 Thread added: 0x00000151c6d6c240
Event: 11.122 Thread 0x00000151c6d6c240 Thread exited: 0x00000151c6d6c240
Event: 11.728 Thread 0x00000151fd16ea40 Thread added: 0x00000151c6d6b4a0
Event: 12.213 Thread 0x00000151c5658bb0 Thread added: 0x00000151d0669d60
Event: 12.939 Thread 0x00000151c6d6b4a0 Thread exited: 0x00000151c6d6b4a0
Event: 13.101 Thread 0x00000151fd16ea40 Thread added: 0x00000151c6d6b4a0
Event: 13.446 Thread 0x00000151c6d6b4a0 Thread exited: 0x00000151c6d6b4a0
Event: 15.724 Thread 0x00000151fd16ea40 Thread added: 0x00000151c6d6a030
Event: 16.147 Thread 0x00000151c565cd50 Thread added: 0x00000151d066b110
Event: 16.270 Thread 0x00000151c5657170 Thread added: 0x00000151d066b7a0
Event: 17.095 Thread 0x00000151d0669d60 Thread added: 0x00000151d0664810
Event: 18.433 Thread 0x00000151c6de0400 Thread added: 0x00000151c5658520
Event: 18.433 Thread 0x00000151d066b110 Thread added: 0x00000151d04394d0
Event: 20.215 Thread 0x00000151c6d6a030 Thread exited: 0x00000151c6d6a030
Event: 21.269 Thread 0x00000151d066b7a0 Thread exited: 0x00000151d066b7a0
Event: 24.751 Thread 0x00000151fd16d660 Thread added: 0x00000151c6d6a030
Event: 25.075 Thread 0x00000151c6d6a030 Thread exited: 0x00000151c6d6a030
Event: 25.396 Thread 0x00000151fd16d660 Thread added: 0x00000151c6d6cfe0


Dynamic libraries:
0x00007ff61a370000 - 0x00007ff61a37e000 	c:\Users\Pichau\.vscode\extensions\redhat.java-1.44.0-win32-x64\jre\21.0.8-win32-x86_64\bin\java.exe
0x00007ffc40cb0000 - 0x00007ffc40ea8000 	C:\WINDOWS\SYSTEM32\ntdll.dll
0x00007ffc3fe40000 - 0x00007ffc3ff02000 	C:\WINDOWS\System32\KERNEL32.DLL
0x00007ffc3e5a0000 - 0x00007ffc3e897000 	C:\WINDOWS\System32\KERNELBASE.dll
0x00007ffc3eab0000 - 0x00007ffc3ebb0000 	C:\WINDOWS\System32\ucrtbase.dll
0x00007ffc3b7c0000 - 0x00007ffc3b7d8000 	c:\Users\Pichau\.vscode\extensions\redhat.java-1.44.0-win32-x64\jre\21.0.8-win32-x86_64\bin\jli.dll
0x00007ffc3ff10000 - 0x00007ffc400ad000 	C:\WINDOWS\System32\USER32.dll
0x00007ffc3e930000 - 0x00007ffc3e952000 	C:\WINDOWS\System32\win32u.dll
0x00007ffc3ed90000 - 0x00007ffc3edbb000 	C:\WINDOWS\System32\GDI32.dll
0x00007ffc3ebb0000 - 0x00007ffc3ecc9000 	C:\WINDOWS\System32\gdi32full.dll
0x00007ffc3ea10000 - 0x00007ffc3eaad000 	C:\WINDOWS\System32\msvcp_win.dll
0x00007ffc3b7e0000 - 0x00007ffc3b7fe000 	c:\Users\Pichau\.vscode\extensions\redhat.java-1.44.0-win32-x64\jre\21.0.8-win32-x86_64\bin\VCRUNTIME140.dll
0x00007ffc323f0000 - 0x00007ffc3268a000 	C:\WINDOWS\WinSxS\amd64_microsoft.windows.common-controls_6595b64144ccf1df_6.0.19041.5915_none_60b4b9d171f9c7c7\COMCTL32.dll
0x00007ffc40ab0000 - 0x00007ffc40b4e000 	C:\WINDOWS\System32\msvcrt.dll
0x00007ffc3f220000 - 0x00007ffc3f24f000 	C:\WINDOWS\System32\IMM32.DLL
0x00007ffc3b7b0000 - 0x00007ffc3b7bc000 	c:\Users\Pichau\.vscode\extensions\redhat.java-1.44.0-win32-x64\jre\21.0.8-win32-x86_64\bin\vcruntime140_1.dll
0x00007ffc0c010000 - 0x00007ffc0c09d000 	c:\Users\Pichau\.vscode\extensions\redhat.java-1.44.0-win32-x64\jre\21.0.8-win32-x86_64\bin\msvcp140.dll
0x00007ffba1740000 - 0x00007ffba24d7000 	c:\Users\Pichau\.vscode\extensions\redhat.java-1.44.0-win32-x64\jre\21.0.8-win32-x86_64\bin\server\jvm.dll
0x00007ffc3fd80000 - 0x00007ffc3fe31000 	C:\WINDOWS\System32\ADVAPI32.dll
0x00007ffc3f5b0000 - 0x00007ffc3f64f000 	C:\WINDOWS\System32\sechost.dll
0x00007ffc3fb20000 - 0x00007ffc3fc46000 	C:\WINDOWS\System32\RPCRT4.dll
0x00007ffc3e960000 - 0x00007ffc3e987000 	C:\WINDOWS\System32\bcrypt.dll
0x00007ffc3f120000 - 0x00007ffc3f18b000 	C:\WINDOWS\System32\WS2_32.dll
0x00007ffc3e1a0000 - 0x00007ffc3e1eb000 	C:\WINDOWS\SYSTEM32\POWRPROF.dll
0x00007ffc35a40000 - 0x00007ffc35a67000 	C:\WINDOWS\SYSTEM32\WINMM.dll
0x00007ffc38bb0000 - 0x00007ffc38bba000 	C:\WINDOWS\SYSTEM32\VERSION.dll
0x00007ffc3e180000 - 0x00007ffc3e192000 	C:\WINDOWS\SYSTEM32\UMPDC.dll
0x00007ffc3c0c0000 - 0x00007ffc3c0d2000 	C:\WINDOWS\SYSTEM32\kernel.appcore.dll
0x00007ffc3b7a0000 - 0x00007ffc3b7aa000 	c:\Users\Pichau\.vscode\extensions\redhat.java-1.44.0-win32-x64\jre\21.0.8-win32-x86_64\bin\jimage.dll
0x00007ffc382a0000 - 0x00007ffc384a1000 	C:\WINDOWS\SYSTEM32\DBGHELP.DLL
0x00007ffc381d0000 - 0x00007ffc38204000 	C:\WINDOWS\SYSTEM32\dbgcore.DLL
0x00007ffc3e8a0000 - 0x00007ffc3e922000 	C:\WINDOWS\System32\bcryptPrimitives.dll
0x00007ffc3b790000 - 0x00007ffc3b79f000 	c:\Users\Pichau\.vscode\extensions\redhat.java-1.44.0-win32-x64\jre\21.0.8-win32-x86_64\bin\instrument.dll
0x00007ffc33cb0000 - 0x00007ffc33ccf000 	c:\Users\Pichau\.vscode\extensions\redhat.java-1.44.0-win32-x64\jre\21.0.8-win32-x86_64\bin\java.dll
0x00007ffc40340000 - 0x00007ffc40aae000 	C:\WINDOWS\System32\SHELL32.dll
0x00007ffc3c3a0000 - 0x00007ffc3cb44000 	C:\WINDOWS\SYSTEM32\windows.storage.dll
0x00007ffc3edc0000 - 0x00007ffc3f113000 	C:\WINDOWS\System32\combase.dll
0x00007ffc3dbc0000 - 0x00007ffc3dbeb000 	C:\WINDOWS\SYSTEM32\Wldp.dll
0x00007ffc3f2d0000 - 0x00007ffc3f39d000 	C:\WINDOWS\System32\OLEAUT32.dll
0x00007ffc3f3b0000 - 0x00007ffc3f45d000 	C:\WINDOWS\System32\SHCORE.dll
0x00007ffc3f550000 - 0x00007ffc3f5ab000 	C:\WINDOWS\System32\shlwapi.dll
0x00007ffc3e270000 - 0x00007ffc3e294000 	C:\WINDOWS\SYSTEM32\profapi.dll
0x00007ffc21560000 - 0x00007ffc21578000 	c:\Users\Pichau\.vscode\extensions\redhat.java-1.44.0-win32-x64\jre\21.0.8-win32-x86_64\bin\zip.dll
0x00007ffc3b750000 - 0x00007ffc3b760000 	C:\Users\Pichau\.vscode\extensions\redhat.java-1.44.0-win32-x64\jre\21.0.8-win32-x86_64\bin\net.dll
0x00007ffc37410000 - 0x00007ffc3751a000 	C:\WINDOWS\SYSTEM32\WINHTTP.dll
0x00007ffc3d9a0000 - 0x00007ffc3da0a000 	C:\WINDOWS\system32\mswsock.dll
0x00007ffc184f0000 - 0x00007ffc18506000 	C:\Users\Pichau\.vscode\extensions\redhat.java-1.44.0-win32-x64\jre\21.0.8-win32-x86_64\bin\nio.dll
0x00007ffc25210000 - 0x00007ffc25220000 	c:\Users\Pichau\.vscode\extensions\redhat.java-1.44.0-win32-x64\jre\21.0.8-win32-x86_64\bin\verify.dll
0x00007ffc0eb50000 - 0x00007ffc0eb95000 	C:\Users\Pichau\AppData\Roaming\Code\User\globalStorage\redhat.java\1.44.0\config_win\org.eclipse.equinox.launcher\org.eclipse.equinox.launcher.win32.win32.x86_64_1.2.1400.v20250730-1736\eclipse_11913.dll
0x00007ffc3fc50000 - 0x00007ffc3fd7b000 	C:\WINDOWS\System32\ole32.dll
0x00007ffc3dd60000 - 0x00007ffc3dd78000 	C:\WINDOWS\SYSTEM32\CRYPTSP.dll
0x00007ffc3d2e0000 - 0x00007ffc3d318000 	C:\WINDOWS\system32\rsaenh.dll
0x00007ffc3e230000 - 0x00007ffc3e25e000 	C:\WINDOWS\SYSTEM32\USERENV.dll
0x00007ffc3db30000 - 0x00007ffc3db3c000 	C:\WINDOWS\SYSTEM32\CRYPTBASE.dll
0x00007ffc3d6a0000 - 0x00007ffc3d6db000 	C:\WINDOWS\SYSTEM32\IPHLPAPI.DLL
0x00007ffc3ecd0000 - 0x00007ffc3ecd8000 	C:\WINDOWS\System32\NSI.dll
0x00007ffc0bfc0000 - 0x00007ffc0c009000 	C:\Users\Pichau\AppData\Local\Temp\jna--1904613134\jna10508580234864100048.dll
0x00007ffc3f460000 - 0x00007ffc3f468000 	C:\WINDOWS\System32\PSAPI.DLL
0x00007ffc38180000 - 0x00007ffc38197000 	C:\WINDOWS\SYSTEM32\dhcpcsvc6.DLL
0x00007ffc384d0000 - 0x00007ffc384ed000 	C:\WINDOWS\SYSTEM32\dhcpcsvc.DLL
0x00007ffc3d530000 - 0x00007ffc3d563000 	C:\WINDOWS\SYSTEM32\ntmarta.dll

JVMTI agents:
c:\Users\Pichau\.vscode\extensions\redhat.java-1.44.0-win32-x64\lombok\lombok-1.18.39-4050.jar path:c:\Users\Pichau\.vscode\extensions\redhat.java-1.44.0-win32-x64\jre\21.0.8-win32-x86_64\bin\instrument.dll, loaded, initialized, instrumentlib options:none

dbghelp: loaded successfully - version: 4.0.5 - missing functions: none
symbol engine: initialized successfully - sym options: 0x614 - pdb path: .;c:\Users\Pichau\.vscode\extensions\redhat.java-1.44.0-win32-x64\jre\21.0.8-win32-x86_64\bin;C:\WINDOWS\SYSTEM32;C:\WINDOWS\WinSxS\amd64_microsoft.windows.common-controls_6595b64144ccf1df_6.0.19041.5915_none_60b4b9d171f9c7c7;c:\Users\Pichau\.vscode\extensions\redhat.java-1.44.0-win32-x64\jre\21.0.8-win32-x86_64\bin\server;C:\Users\Pichau\AppData\Roaming\Code\User\globalStorage\redhat.java\1.44.0\config_win\org.eclipse.equinox.launcher\org.eclipse.equinox.launcher.win32.win32.x86_64_1.2.1400.v20250730-1736;C:\Users\Pichau\AppData\Local\Temp\jna--1904613134

VM Arguments:
jvm_args: --add-modules=ALL-SYSTEM --add-opens=java.base/java.util=ALL-UNNAMED --add-opens=java.base/java.lang=ALL-UNNAMED --add-opens=java.base/sun.nio.fs=ALL-UNNAMED -Declipse.application=org.eclipse.jdt.ls.core.id1 -Dosgi.bundles.defaultStartLevel=4 -Declipse.product=org.eclipse.jdt.ls.core.product -Djava.import.generatesMetadataFilesAtProjectRoot=false -DDetectVMInstallationsJob.disabled=true -Dfile.encoding=utf8 -XX:+UseParallelGC -XX:GCTimeRatio=4 -XX:AdaptiveSizePolicyWeight=90 -Dsun.zip.disableMemoryMapping=true -Xmx2G -Xms100m -Xlog:disable -javaagent:c:\Users\Pichau\.vscode\extensions\redhat.java-1.44.0-win32-x64\lombok\lombok-1.18.39-4050.jar -XX:+HeapDumpOnOutOfMemoryError -XX:HeapDumpPath=c:\Users\Pichau\AppData\Roaming\Code\User\workspaceStorage\5ff336d83cf102a36d628a80cf2d84ef\redhat.java -Daether.dependencyCollector.impl=bf 
java_command: c:\Users\Pichau\.vscode\extensions\redhat.java-1.44.0-win32-x64\server\plugins\org.eclipse.equinox.launcher_1.7.0.v20250519-0528.jar -configuration c:\Users\Pichau\AppData\Roaming\Code\User\globalStorage\redhat.java\1.44.0\config_win -data c:\Users\Pichau\AppData\Roaming\Code\User\workspaceStorage\5ff336d83cf102a36d628a80cf2d84ef\redhat.java\jdt_ws --pipe=\\.\pipe\lsp-979502d9aa3fb0f2cf4e14234b8580b9-sock
java_class_path (initial): c:\Users\Pichau\.vscode\extensions\redhat.java-1.44.0-win32-x64\server\plugins\org.eclipse.equinox.launcher_1.7.0.v20250519-0528.jar
Launcher Type: SUN_STANDARD

[Global flags]
    uintx AdaptiveSizePolicyWeight                 = 90                                        {product} {command line}
     intx CICompilerCount                          = 3                                         {product} {ergonomic}
    uintx GCTimeRatio                              = 4                                         {product} {command line}
     bool HeapDumpOnOutOfMemoryError               = true                                   {manageable} {command line}
    ccstr HeapDumpPath                             = c:\Users\Pichau\AppData\Roaming\Code\User\workspaceStorage\5ff336d83cf102a36d628a80cf2d84ef\redhat.java         {manageable} {command line}
   size_t InitialHeapSize                          = 104857600                                 {product} {command line}
   size_t MaxHeapSize                              = 2147483648                                {product} {command line}
   size_t MaxNewSize                               = 715653120                                 {product} {ergonomic}
   size_t MinHeapDeltaBytes                        = 524288                                    {product} {ergonomic}
   size_t MinHeapSize                              = 104857600                                 {product} {command line}
   size_t NewSize                                  = 34603008                                  {product} {ergonomic}
    uintx NonNMethodCodeHeapSize                   = 5832780                                {pd product} {ergonomic}
    uintx NonProfiledCodeHeapSize                  = 122912730                              {pd product} {ergonomic}
   size_t OldSize                                  = 70254592                                  {product} {ergonomic}
    uintx ProfiledCodeHeapSize                     = 122912730                              {pd product} {ergonomic}
    uintx ReservedCodeCacheSize                    = 251658240                              {pd product} {ergonomic}
     bool SegmentedCodeCache                       = true                                      {product} {ergonomic}
   size_t SoftMaxHeapSize                          = 2147483648                             {manageable} {ergonomic}
     bool UseCompressedOops                        = true                           {product lp64_product} {ergonomic}
     bool UseLargePagesIndividualAllocation        = false                                  {pd product} {ergonomic}
     bool UseParallelGC                            = true                                      {product} {command line}

Logging:
Log output configuration:
 #0: stdout all=off uptime,level,tags foldmultilines=false
 #1: stderr all=off uptime,level,tags foldmultilines=false

Environment Variables:
JAVA_HOME=C:\Program Files\Java\jdk-21
PATH=C:\Program Files\Java\jdk-21\bin;C:\Windows\System32\Wbem;C:\Windows\System32\WindowsPowerShell\v1.0\;C:\Windows\System32\OpenSSH\;C:\Program Files (x86)\Intel\Intel(R) Management Engine Components\DAL;C:\Program Files\Intel\Intel(R) Management Engine Components\DAL;C:\Program Files (x86)\NVIDIA Corporation\PhysX\Common;C:\Program Files\NVIDIA Corporation\NVIDIA NvDLISR;C:\WINDOWS\system32;C:\WINDOWS;C:\WINDOWS\System32\Wbem;C:\WINDOWS\System32\WindowsPowerShell\v1.0\;C:\WINDOWS\System32\OpenSSH\;C:\Program Files\dotnet\;C:\Program Files\Git\cmd;C:\Program Files\Maven\apache-maven-3.9.9\bin;C:\Program Files\Docker\Docker\resources\bin;C:\Program Files\MySQL\MySQL Server 9.1\bin;C:\Program Files\nodejs\;C:\Program Files\Sqlite\sqlite-tools-win-x64-3490100;C:\Program Files\PostgreSQL\15\bin;C:\Ruby34-x64\bin;C:\Users\Pichau\AppData\Local\Programs\Python\Python312\Scripts\;C:\Users\Pichau\AppData\Local\Programs\Python\Python312\;C:\Users\Pichau\AppData\Local\Programs\Python\Python39\Scripts\;C:\Users\Pichau\AppData\Local\Programs\Python\Python39\;C:\Users\Pichau\AppData\Local\Microsoft\WindowsApps;C:\Users\Pichau\AppData\Local\Programs\Microsoft VS Code\bin;C:\Users\Pichau\AppData\Local\GitHubDesktop\bin;C:\intelFPGA_pro\24.1\questa_fse\win64;C:\altera\13.0sp1\modelsim_ase\win32aloem;C:\altera\13.0sp1\modelsim_ae\win32aloem;C:\Users\Pichau\AppData\Local\Microsoft\WinGet\Packages\Schniz.fnm_Microsoft.Winget.Source_8wekyb3d8bbwe;C:\Users\Pichau\AppData\Roaming\npm
USERNAME=Pichau
OS=Windows_NT
PROCESSOR_IDENTIFIER=Intel64 Family 6 Model 158 Stepping 10, GenuineIntel
TMP=C:\Users\Pichau\AppData\Local\Temp
TEMP=C:\Users\Pichau\AppData\Local\Temp




Periodic native trim disabled

---------------  S Y S T E M  ---------------

OS:
 Windows 10 , 64 bit Build 19041 (10.0.19041.5915)
OS uptime: 0 days 0:53 hours
Hyper-V role detected

CPU: total 6 (initial active 6) (6 cores per cpu, 1 threads per core) family 6 model 158 stepping 10 microcode 0xb4, cx8, cmov, fxsr, mmx, 3dnowpref, sse, sse2, sse3, ssse3, sse4.1, sse4.2, popcnt, lzcnt, tsc, tscinvbit, avx, avx2, aes, erms, clmul, bmi1, bmi2, adx, fma, vzeroupper, clflush, clflushopt, hv, rdtscp, f16c
Processor Information for the first 6 processors :
  Max Mhz: 2904, Current Mhz: 2904, Mhz Limit: 2904

Memory: 4k page, system-wide physical 8127M (1817M free)
TotalPageFile size 15039M (AvailPageFile size 6243M)
current process WorkingSet (physical memory assigned to process): 716M, peak: 719M
current process commit charge ("private bytes"): 653M, peak: 658M

vm_info: OpenJDK 64-Bit Server VM (21.0.8+9-LTS) for windows-amd64 JRE (21.0.8+9-LTS), built on 2025-07-15T00:00:00Z by "admin" with MS VC++ 17.7 (VS2022)

END.
